2023-01-17 23:22:07,326 DEBUG Using proactor: IocpProactor
2023-01-17 23:22:07,328 DEBUG Make request: "deleteWebhook" with data: "{'drop_pending_updates': True}" and files "None"
2023-01-17 23:22:07,530 DEBUG Response for deleteWebhook: [200] "'{"ok":true,"result":true,"description":"Webhook is already deleted"}'"
2023-01-17 23:22:07,530 INFO Start polling.
2023-01-17 23:22:07,530 DEBUG Make request: "deleteWebhook" with data: "{}" and files "None"
2023-01-17 23:22:07,594 DEBUG Response for deleteWebhook: [200] "'{"ok":true,"result":true,"description":"Webhook is already deleted"}'"
2023-01-17 23:22:07,594 DEBUG Make request: "getUpdates" with data: "{'timeout': <aiogram.bot.bot.Bot object at 0x000001FC073CC3A0>}" and files "None"
2023-01-17 23:22:07,661 DEBUG Response for getUpdates: [200] "'{"ok":true,"result":[]}'"
2023-01-17 23:22:07,771 DEBUG Make request: "getUpdates" with data: "{'timeout': <aiogram.bot.bot.Bot object at 0x000001FC073CC3A0>}" and files "None"
2023-01-17 23:22:10,836 DEBUG Response for getUpdates: [200] "'{"ok":true,"result":[]}'"
2023-01-17 23:22:10,944 DEBUG Make request: "getUpdates" with data: "{'timeout': <aiogram.bot.bot.Bot object at 0x000001FC073CC3A0>}" and files "None"
2023-01-17 23:22:11,009 DEBUG Response for getUpdates: [200] "'{"ok":true,"result":[]}'"
2023-01-17 23:22:11,115 DEBUG Make request: "getUpdates" with data: "{'timeout': <aiogram.bot.bot.Bot object at 0x000001FC073CC3A0>}" and files "None"
2023-01-17 23:22:11,672 DEBUG Response for getUpdates: [200] "'{"ok":true,"result":[{"update_id":385201603,\n"message":{"message_id":384,"from":{"id":582176067,"is_bot":false,"first_name":"\\u041c\\u0430\\u043a\\u0441\\u0438\\u043c","username":"D_Makc","language_code":"ru"},"chat":{"id":582176067,"first_name":"\\u041c\\u0430\\u043a\\u0441\\u0438\\u043c","username":"D_Makc","type":"private"},"date":1673986930,"text":"\\u041a\\u0430\\u043b\\u0435\\u043d\\u0434\\u0430\\u0440\\u044c"}}]}'"
2023-01-17 23:22:11,672 DEBUG Received 1 updates.
2023-01-17 23:22:11,674 DEBUG Starting new HTTPS connection (1): api.sportsdata.io:443
2023-01-17 23:22:12,553 DEBUG https://api.sportsdata.io:443 "GET /v3/nba/scores/json/GamesByDate/2023-Jan-17 HTTP/1.1" 200 740
2023-01-17 23:22:12,555 DEBUG Make request: "sendMessage" with data: "{'chat_id': 582176067, 'text': 'TOR матч не начался MIL\nBKN матч не начался SA\nPOR матч не начался DEN\nPHI матч не начался LAC\n'}" and files "None"
2023-01-17 23:22:12,556 DEBUG Make request: "getUpdates" with data: "{'offset': 385201604, 'timeout': <aiogram.bot.bot.Bot object at 0x000001FC073CC3A0>}" and files "None"
2023-01-17 23:22:12,729 DEBUG Response for sendMessage: [200] "'{"ok":true,"result":{"message_id":385,"from":{"id":5971577138,"is_bot":true,"first_name":"NBA_Fantasy","username":"NBA_FantasyBot"},"chat":{"id":582176067,"first_name":"\\u041c\\u0430\\u043a\\u0441\\u0438\\u043c","username":"D_Makc","type":"private"},"date":1673986932,"text":"TOR \\u043c\\u0430\\u0442\\u0447 \\u043d\\u0435 \\u043d\\u0430\\u0447\\u0430\\u043b\\u0441\\u044f MIL\\nBKN \\u043c\\u0430\\u0442\\u0447 \\u043d\\u0435 \\u043d\\u0430\\u0447\\u0430\\u043b\\u0441\\u044f SA\\nPOR \\u043c\\u0430\\u0442\\u0447 \\u043d\\u0435 \\u043d\\u0430\\u0447\\u0430\\u043b\\u0441\\u044f DEN\\nPHI \\u043c\\u0430\\u0442\\u0447 \\u043d\\u0435 \\u043d\\u0430\\u0447\\u0430\\u043b\\u0441\\u044f LAC"}}'"
2023-01-17 23:22:12,730 DEBUG Make request: "deleteMessage" with data: "{'chat_id': 582176067, 'message_id': 384}" and files "None"
2023-01-17 23:22:12,805 DEBUG Response for deleteMessage: [200] "'{"ok":true,"result":true}'"
2023-01-17 23:22:12,861 DEBUG Response for getUpdates: [200] "'{"ok":true,"result":[]}'"
2023-01-17 23:22:12,974 DEBUG Make request: "getUpdates" with data: "{'offset': 385201604, 'timeout': <aiogram.bot.bot.Bot object at 0x000001FC073CC3A0>}" and files "None"
2023-01-17 23:22:15,305 DEBUG Response for getUpdates: [200] "'{"ok":true,"result":[{"update_id":385201604,\n"message":{"message_id":386,"from":{"id":582176067,"is_bot":false,"first_name":"\\u041c\\u0430\\u043a\\u0441\\u0438\\u043c","username":"D_Makc","language_code":"ru"},"chat":{"id":582176067,"first_name":"\\u041c\\u0430\\u043a\\u0441\\u0438\\u043c","username":"D_Makc","type":"private"},"date":1673986934,"text":"\\u0422\\u0430\\u0431\\u043b\\u0438\\u0446\\u044b"}}]}'"
2023-01-17 23:22:15,305 DEBUG Received 1 updates.
2023-01-17 23:22:15,306 DEBUG Starting new HTTPS connection (1): api.sportsdata.io:443
2023-01-17 23:22:16,067 DEBUG https://api.sportsdata.io:443 "GET /v3/nba/scores/json/Standings/2023 HTTP/1.1" 200 2442
2023-01-17 23:22:16,069 DEBUG Make request: "sendMessage" with data: "{'chat_id': 582176067, 'text': 'Eastern\n1 BOS W7 0.733 (33-12)\n2 BKN L2 0.643 (27-15)\n3 MIL W1 0.636 (28-16)\n4 PHI W2 0.628 (27-16)\n4 CLE W1 0.622 (28-17)\n5 NY L1 0.556 (25-20)\n6 MIA L1 0.533 (24-21)\n7 IND L4 0.511 (23-22)\n8 ATL W3 0.5 (22-22)\n9 CHI W1 0.455 (20-24)\n10 TOR W1 0.455 (20-24)\n11 WAS L2 0.409 (18-26)\n12 ORL L2 0.364 (16-28)\n13 DET L2 0.255 (12-35)\n14 CHA L5 0.244 (11-34)\nWestern\n1 DEN W6 0.698 (30-13)\n2 MEM W10 0.698 (30-13)\n3 NO L1 0.591 (26-18)\n4 SAC W4 0.571 (24-18)\n4 DAL L2 0.533 (24-21)\n5 LAC W1 0.511 (23-22)\n6 GS W1 0.5 (22-22)\n7 UTA W1 0.489 (23-24)\n8 MIN L1 0.489 (22-23)\n9 POR W2 0.488 (21-22)\n10 OKC W3 0.477 (21-23)\n11 PHO L3 0.467 (21-24)\n12 LAL W1 0.455 (20-24)\n13 SA L5 0.295 (13-31)\n14 HOU L11 0.227 (10-34)\n\nAtlantic\n1 BOS W7 0.733 (33-12)\n2 BKN L2 0.643 (27-15)\n3 PHI W2 0.628 (27-16)\n4 NY L1 0.556 (25-20)\n4 TOR W1 0.455 (20-24)\nCentral\n1 MIL W1 0.636 (28-16)\n2 CLE W1 0.622 (28-17)\n3 IND L4 0.511 (23-22)\n4 CHI W1 0.455 (20-24)\n4 DET L2 0.255 (12-35)\nSoutheast\n1 MIA L1 0.533 (24-21)\n2 ATL W3 0.5 (22-22)\n3 WAS L2 0.409 (18-26)\n4 ORL L2 0.364 (16-28)\n4 CHA L5 0.244 (11-34)\nNorthwest\n1 DEN W6 0.698 (30-13)\n2 UTA W1 0.489 (23-24)\n3 MIN L1 0.489 (22-23)\n4 POR W2 0.488 (21-22)\n4 OKC W3 0.477 (21-23)\nPacific\n1 SAC W4 0.571 (24-18)\n2 LAC W1 0.511 (23-22)\n3 GS W1 0.5 (22-22)\n4 PHO L3 0.467 (21-24)\n4 LAL W1 0.455 (20-24)\nSouthwest\n2 MEM W10 0.698 (30-13)\n3 NO L1 0.591 (26-18)\n4 DAL L2 0.533 (24-21)\n13 SA L5 0.295 (13-31)\n14 HOU L11 0.227 (10-34)\n'}" and files "None"
2023-01-17 23:22:16,071 DEBUG Make request: "getUpdates" with data: "{'offset': 385201605, 'timeout': <aiogram.bot.bot.Bot object at 0x000001FC073CC3A0>}" and files "None"
2023-01-17 23:22:16,135 DEBUG Response for getUpdates: [200] "'{"ok":true,"result":[]}'"
2023-01-17 23:22:16,205 DEBUG Response for sendMessage: [200] "'{"ok":true,"result":{"message_id":387,"from":{"id":5971577138,"is_bot":true,"first_name":"NBA_Fantasy","username":"NBA_FantasyBot"},"chat":{"id":582176067,"first_name":"\\u041c\\u0430\\u043a\\u0441\\u0438\\u043c","username":"D_Makc","type":"private"},"date":1673986935,"text":"Eastern\\n1 BOS W7 0.733 (33-12)\\n2 BKN L2 0.643 (27-15)\\n3 MIL W1 0.636 (28-16)\\n4 PHI W2 0.628 (27-16)\\n4 CLE W1 0.622 (28-17)\\n5 NY L1 0.556 (25-20)\\n6 MIA L1 0.533 (24-21)\\n7 IND L4 0.511 (23-22)\\n8 ATL W3 0.5 (22-22)\\n9 CHI W1 0.455 (20-24)\\n10 TOR W1 0.455 (20-24)\\n11 WAS L2 0.409 (18-26)\\n12 ORL L2 0.364 (16-28)\\n13 DET L2 0.255 (12-35)\\n14 CHA L5 0.244 (11-34)\\nWestern\\n1 DEN W6 0.698 (30-13)\\n2 MEM W10 0.698 (30-13)\\n3 NO L1 0.591 (26-18)\\n4 SAC W4 0.571 (24-18)\\n4 DAL L2 0.533 (24-21)\\n5 LAC W1 0.511 (23-22)\\n6 GS W1 0.5 (22-22)\\n7 UTA W1 0.489 (23-24)\\n8 MIN L1 0.489 (22-23)\\n9 POR W2 0.488 (21-22)\\n10 OKC W3 0.477 (21-23)\\n11 PHO L3 0.467 (21-24)\\n12 LAL W1 0.455 (20-24)\\n13 SA L5 0.295 (13-31)\\n14 HOU L11 0.227 (10-34)\\n\\nAtlantic\\n1 BOS W7 0.733 (33-12)\\n2 BKN L2 0.643 (27-15)\\n3 PHI W2 0.628 (27-16)\\n4 NY L1 0.556 (25-20)\\n4 TOR W1 0.455 (20-24)\\nCentral\\n1 MIL W1 0.636 (28-16)\\n2 CLE W1 0.622 (28-17)\\n3 IND L4 0.511 (23-22)\\n4 CHI W1 0.455 (20-24)\\n4 DET L2 0.255 (12-35)\\nSoutheast\\n1 MIA L1 0.533 (24-21)\\n2 ATL W3 0.5 (22-22)\\n3 WAS L2 0.409 (18-26)\\n4 ORL L2 0.364 (16-28)\\n4 CHA L5 0.244 (11-34)\\nNorthwest\\n1 DEN W6 0.698 (30-13)\\n2 UTA W1 0.489 (23-24)\\n3 MIN L1 0.489 (22-23)\\n4 POR W2 0.488 (21-22)\\n4 OKC W3 0.477 (21-23)\\nPacific\\n1 SAC W4 0.571 (24-18)\\n2 LAC W1 0.511 (23-22)\\n3 GS W1 0.5 (22-22)\\n4 PHO L3 0.467 (21-24)\\n4 LAL W1 0.455 (20-24)\\nSouthwest\\n2 MEM W10 0.698 (30-13)\\n3 NO L1 0.591 (26-18)\\n4 DAL L2 0.533 (24-21)\\n13 SA L5 0.295 (13-31)\\n14 HOU L11 0.227 (10-34)"}}'"
2023-01-17 23:22:16,206 DEBUG Make request: "deleteMessage" with data: "{'chat_id': 582176067, 'message_id': 386}" and files "None"
2023-01-17 23:22:16,236 DEBUG Make request: "getUpdates" with data: "{'offset': 385201605, 'timeout': <aiogram.bot.bot.Bot object at 0x000001FC073CC3A0>}" and files "None"
2023-01-17 23:22:16,346 DEBUG Response for deleteMessage: [200] "'{"ok":true,"result":true}'"
2023-01-17 23:22:19,300 DEBUG Response for getUpdates: [200] "'{"ok":true,"result":[]}'"
2023-01-17 23:22:19,412 DEBUG Make request: "getUpdates" with data: "{'offset': 385201605, 'timeout': <aiogram.bot.bot.Bot object at 0x000001FC073CC3A0>}" and files "None"
2023-01-17 23:22:19,477 DEBUG Response for getUpdates: [200] "'{"ok":true,"result":[]}'"
2023-01-17 23:22:19,582 DEBUG Make request: "getUpdates" with data: "{'offset': 385201605, 'timeout': <aiogram.bot.bot.Bot object at 0x000001FC073CC3A0>}" and files "None"
2023-01-17 23:22:22,647 DEBUG Response for getUpdates: [200] "'{"ok":true,"result":[]}'"
2023-01-17 23:22:22,755 DEBUG Make request: "getUpdates" with data: "{'offset': 385201605, 'timeout': <aiogram.bot.bot.Bot object at 0x000001FC073CC3A0>}" and files "None"
2023-01-17 23:22:22,826 DEBUG Response for getUpdates: [200] "'{"ok":true,"result":[]}'"
2023-01-17 23:22:22,942 DEBUG Make request: "getUpdates" with data: "{'offset': 385201605, 'timeout': <aiogram.bot.bot.Bot object at 0x000001FC073CC3A0>}" and files "None"
2023-01-17 23:22:26,008 DEBUG Response for getUpdates: [200] "'{"ok":true,"result":[]}'"
2023-01-17 23:22:26,122 DEBUG Make request: "getUpdates" with data: "{'offset': 385201605, 'timeout': <aiogram.bot.bot.Bot object at 0x000001FC073CC3A0>}" and files "None"
2023-01-17 23:22:26,188 DEBUG Response for getUpdates: [200] "'{"ok":true,"result":[]}'"
2023-01-17 23:22:26,294 DEBUG Make request: "getUpdates" with data: "{'offset': 385201605, 'timeout': <aiogram.bot.bot.Bot object at 0x000001FC073CC3A0>}" and files "None"
2023-01-17 23:22:29,359 DEBUG Response for getUpdates: [200] "'{"ok":true,"result":[]}'"
2023-01-17 23:22:29,463 DEBUG Make request: "getUpdates" with data: "{'offset': 385201605, 'timeout': <aiogram.bot.bot.Bot object at 0x000001FC073CC3A0>}" and files "None"
2023-01-17 23:22:29,527 DEBUG Response for getUpdates: [200] "'{"ok":true,"result":[]}'"
2023-01-17 23:22:29,634 DEBUG Make request: "getUpdates" with data: "{'offset': 385201605, 'timeout': <aiogram.bot.bot.Bot object at 0x000001FC073CC3A0>}" and files "None"
2023-01-17 23:22:32,699 DEBUG Response for getUpdates: [200] "'{"ok":true,"result":[]}'"
2023-01-17 23:22:32,811 DEBUG Make request: "getUpdates" with data: "{'offset': 385201605, 'timeout': <aiogram.bot.bot.Bot object at 0x000001FC073CC3A0>}" and files "None"
2023-01-17 23:22:32,882 DEBUG Response for getUpdates: [200] "'{"ok":true,"result":[]}'"
2023-01-17 23:22:32,995 DEBUG Make request: "getUpdates" with data: "{'offset': 385201605, 'timeout': <aiogram.bot.bot.Bot object at 0x000001FC073CC3A0>}" and files "None"
2023-01-17 23:22:36,060 DEBUG Response for getUpdates: [200] "'{"ok":true,"result":[]}'"
2023-01-17 23:22:36,173 DEBUG Make request: "getUpdates" with data: "{'offset': 385201605, 'timeout': <aiogram.bot.bot.Bot object at 0x000001FC073CC3A0>}" and files "None"
2023-01-17 23:22:36,237 DEBUG Response for getUpdates: [200] "'{"ok":true,"result":[]}'"
2023-01-17 23:22:36,341 DEBUG Make request: "getUpdates" with data: "{'offset': 385201605, 'timeout': <aiogram.bot.bot.Bot object at 0x000001FC073CC3A0>}" and files "None"
2023-01-17 23:22:39,403 DEBUG Response for getUpdates: [200] "'{"ok":true,"result":[]}'"
2023-01-17 23:22:39,506 DEBUG Make request: "getUpdates" with data: "{'offset': 385201605, 'timeout': <aiogram.bot.bot.Bot object at 0x000001FC073CC3A0>}" and files "None"
2023-01-17 23:22:39,572 DEBUG Response for getUpdates: [200] "'{"ok":true,"result":[]}'"
2023-01-17 23:22:39,681 DEBUG Make request: "getUpdates" with data: "{'offset': 385201605, 'timeout': <aiogram.bot.bot.Bot object at 0x000001FC073CC3A0>}" and files "None"
2023-01-17 23:22:42,745 DEBUG Response for getUpdates: [200] "'{"ok":true,"result":[]}'"
2023-01-17 23:22:42,849 DEBUG Make request: "getUpdates" with data: "{'offset': 385201605, 'timeout': <aiogram.bot.bot.Bot object at 0x000001FC073CC3A0>}" and files "None"
2023-01-17 23:22:42,913 DEBUG Response for getUpdates: [200] "'{"ok":true,"result":[]}'"
2023-01-17 23:22:43,024 DEBUG Make request: "getUpdates" with data: "{'offset': 385201605, 'timeout': <aiogram.bot.bot.Bot object at 0x000001FC073CC3A0>}" and files "None"
2023-01-17 23:22:46,085 DEBUG Response for getUpdates: [200] "'{"ok":true,"result":[]}'"
2023-01-17 23:22:46,194 DEBUG Make request: "getUpdates" with data: "{'offset': 385201605, 'timeout': <aiogram.bot.bot.Bot object at 0x000001FC073CC3A0>}" and files "None"
2023-01-17 23:22:46,258 DEBUG Response for getUpdates: [200] "'{"ok":true,"result":[]}'"
2023-01-17 23:22:46,359 DEBUG Make request: "getUpdates" with data: "{'offset': 385201605, 'timeout': <aiogram.bot.bot.Bot object at 0x000001FC073CC3A0>}" and files "None"
2023-01-17 23:22:49,424 DEBUG Response for getUpdates: [200] "'{"ok":true,"result":[]}'"
2023-01-17 23:22:49,526 DEBUG Make request: "getUpdates" with data: "{'offset': 385201605, 'timeout': <aiogram.bot.bot.Bot object at 0x000001FC073CC3A0>}" and files "None"
2023-01-17 23:22:49,590 DEBUG Response for getUpdates: [200] "'{"ok":true,"result":[]}'"
2023-01-17 23:22:49,702 DEBUG Make request: "getUpdates" with data: "{'offset': 385201605, 'timeout': <aiogram.bot.bot.Bot object at 0x000001FC073CC3A0>}" and files "None"
2023-01-17 23:22:52,769 DEBUG Response for getUpdates: [200] "'{"ok":true,"result":[]}'"
2023-01-17 23:22:52,880 DEBUG Make request: "getUpdates" with data: "{'offset': 385201605, 'timeout': <aiogram.bot.bot.Bot object at 0x000001FC073CC3A0>}" and files "None"
2023-01-17 23:22:52,946 DEBUG Response for getUpdates: [200] "'{"ok":true,"result":[]}'"
2023-01-17 23:22:53,049 DEBUG Make request: "getUpdates" with data: "{'offset': 385201605, 'timeout': <aiogram.bot.bot.Bot object at 0x000001FC073CC3A0>}" and files "None"
2023-01-17 23:22:56,114 DEBUG Response for getUpdates: [200] "'{"ok":true,"result":[]}'"
2023-01-17 23:22:56,215 DEBUG Make request: "getUpdates" with data: "{'offset': 385201605, 'timeout': <aiogram.bot.bot.Bot object at 0x000001FC073CC3A0>}" and files "None"
2023-01-17 23:22:56,281 DEBUG Response for getUpdates: [200] "'{"ok":true,"result":[]}'"
2023-01-17 23:22:56,386 DEBUG Make request: "getUpdates" with data: "{'offset': 385201605, 'timeout': <aiogram.bot.bot.Bot object at 0x000001FC073CC3A0>}" and files "None"
2023-01-17 23:22:59,452 DEBUG Response for getUpdates: [200] "'{"ok":true,"result":[]}'"
2023-01-17 23:22:59,558 DEBUG Make request: "getUpdates" with data: "{'offset': 385201605, 'timeout': <aiogram.bot.bot.Bot object at 0x000001FC073CC3A0>}" and files "None"
2023-01-17 23:22:59,623 DEBUG Response for getUpdates: [200] "'{"ok":true,"result":[]}'"
2023-01-17 23:22:59,740 DEBUG Make request: "getUpdates" with data: "{'offset': 385201605, 'timeout': <aiogram.bot.bot.Bot object at 0x000001FC073CC3A0>}" and files "None"
2023-01-17 23:23:02,806 DEBUG Response for getUpdates: [200] "'{"ok":true,"result":[]}'"
2023-01-17 23:23:02,910 DEBUG Make request: "getUpdates" with data: "{'offset': 385201605, 'timeout': <aiogram.bot.bot.Bot object at 0x000001FC073CC3A0>}" and files "None"
2023-01-17 23:23:02,976 DEBUG Response for getUpdates: [200] "'{"ok":true,"result":[]}'"
2023-01-17 23:23:03,086 DEBUG Make request: "getUpdates" with data: "{'offset': 385201605, 'timeout': <aiogram.bot.bot.Bot object at 0x000001FC073CC3A0>}" and files "None"
2023-01-17 23:23:06,152 DEBUG Response for getUpdates: [200] "'{"ok":true,"result":[]}'"
2023-01-17 23:23:06,212 WARNING Polling is stopped.
